Determining if the pthread_create exist failed with the following output:
Change Dir: /root/ejemplo/CMakeFiles/CMakeTmp

Run Build Command:"/usr/bin/make" "cmTC_d4f2b/fast"
/usr/bin/make -f CMakeFiles/cmTC_d4f2b.dir/build.make CMakeFiles/cmTC_d4f2b.dir/build
make[1]: se ingresa al directorio «/root/ejemplo/CMakeFiles/CMakeTmp»
Building C object CMakeFiles/cmTC_d4f2b.dir/CheckSymbolExists.c.o
/usr/bin/gcc   -std=c11  -Wall -Wextra -Wpointer-arith -Wundef -Wvla -Wwrite-strings -Werror -Wno-error=extra -Wno-error=unused-function -Wno-error=deprecated-declarations -Wno-error=sign-compare -Wno-error=strict-aliasing -Wno-error=type-limits -Wno-unused-parameter -Wno-error=unused-variable -Wno-error=undef -Wno-error=uninitialized -Wno-error=unused-result -Wlogical-op -Wno-error=maybe-uninitialized -Wno-error=clobbered -Wno-error=unused-but-set-variable -Waggregate-return -Wnested-externs -Wold-style-definition -Wstrict-prototypes -march=native -maes    -o CMakeFiles/cmTC_d4f2b.dir/CheckSymbolExists.c.o   -c /root/ejemplo/CMakeFiles/CMakeTmp/CheckSymbolExists.c
Linking C executable cmTC_d4f2b
/usr/local/bin/cmake -E cmake_link_script CMakeFiles/cmTC_d4f2b.dir/link.txt --verbose=1
/usr/bin/gcc  -std=c11  -Wall -Wextra -Wpointer-arith -Wundef -Wvla -Wwrite-strings -Werror -Wno-error=extra -Wno-error=unused-function -Wno-error=deprecated-declarations -Wno-error=sign-compare -Wno-error=strict-aliasing -Wno-error=type-limits -Wno-unused-parameter -Wno-error=unused-variable -Wno-error=undef -Wno-error=uninitialized -Wno-error=unused-result -Wlogical-op -Wno-error=maybe-uninitialized -Wno-error=clobbered -Wno-error=unused-but-set-variable -Waggregate-return -Wnested-externs -Wold-style-definition -Wstrict-prototypes -march=native -maes     -rdynamic CMakeFiles/cmTC_d4f2b.dir/CheckSymbolExists.c.o  -o cmTC_d4f2b 
CMakeFiles/cmTC_d4f2b.dir/CheckSymbolExists.c.o: En la función `main':
CheckSymbolExists.c:(.text+0x16): referencia a `pthread_create' sin definir
collect2: error: ld returned 1 exit status
make[1]: *** [cmTC_d4f2b] Error 1
make[1]: se sale del directorio «/root/ejemplo/CMakeFiles/CMakeTmp»
make: *** [cmTC_d4f2b/fast] Error 2

File /root/ejemplo/CMakeFiles/CMakeTmp/CheckSymbolExists.c:
/* */
#include <pthread.h>

int main(int argc, char** argv)
{
  (void)argv;
#ifndef pthread_create
  return ((int*)(&pthread_create))[argc];
#else
  (void)argc;
  return 0;
#endif
}

Determining if the function pthread_create exists in the pthreads failed with the following output:
Change Dir: /root/ejemplo/CMakeFiles/CMakeTmp

Run Build Command:"/usr/bin/make" "cmTC_91efb/fast"
/usr/bin/make -f CMakeFiles/cmTC_91efb.dir/build.make CMakeFiles/cmTC_91efb.dir/build
make[1]: se ingresa al directorio «/root/ejemplo/CMakeFiles/CMakeTmp»
Building C object CMakeFiles/cmTC_91efb.dir/CheckFunctionExists.c.o
/usr/bin/gcc   -std=c11  -Wall -Wextra -Wpointer-arith -Wundef -Wvla -Wwrite-strings -Werror -Wno-error=extra -Wno-error=unused-function -Wno-error=deprecated-declarations -Wno-error=sign-compare -Wno-error=strict-aliasing -Wno-error=type-limits -Wno-unused-parameter -Wno-error=unused-variable -Wno-error=undef -Wno-error=uninitialized -Wno-error=unused-result -Wlogical-op -Wno-error=maybe-uninitialized -Wno-error=clobbered -Wno-error=unused-but-set-variable -Waggregate-return -Wnested-externs -Wold-style-definition -Wstrict-prototypes -march=native -maes -DCHECK_FUNCTION_EXISTS=pthread_create   -o CMakeFiles/cmTC_91efb.dir/CheckFunctionExists.c.o   -c /usr/local/share/cmake-3.10/Modules/CheckFunctionExists.c
Linking C executable cmTC_91efb
/usr/local/bin/cmake -E cmake_link_script CMakeFiles/cmTC_91efb.dir/link.txt --verbose=1
/usr/bin/gcc  -std=c11  -Wall -Wextra -Wpointer-arith -Wundef -Wvla -Wwrite-strings -Werror -Wno-error=extra -Wno-error=unused-function -Wno-error=deprecated-declarations -Wno-error=sign-compare -Wno-error=strict-aliasing -Wno-error=type-limits -Wno-unused-parameter -Wno-error=unused-variable -Wno-error=undef -Wno-error=uninitialized -Wno-error=unused-result -Wlogical-op -Wno-error=maybe-uninitialized -Wno-error=clobbered -Wno-error=unused-but-set-variable -Waggregate-return -Wnested-externs -Wold-style-definition -Wstrict-prototypes -march=native -maes -DCHECK_FUNCTION_EXISTS=pthread_create    -rdynamic CMakeFiles/cmTC_91efb.dir/CheckFunctionExists.c.o  -o cmTC_91efb -lpthreads 
/usr/bin/ld: no se puede encontrar -lpthreads
collect2: error: ld returned 1 exit status
make[1]: *** [cmTC_91efb] Error 1
make[1]: se sale del directorio «/root/ejemplo/CMakeFiles/CMakeTmp»
make: *** [cmTC_91efb/fast] Error 2


